File demo.tlang Executed currently running:
Proccess: Finding functions
self.functions = {}
self.functions = {}
self.functions = {}
self.functions = {'func': (3, 0)}
self.functions = {'func': (3, 0)}
self.functions = {'func': (3, 0)}
self.functions = {'func': (3, 0)}
self.functions = {'func': (3, 0)}
self.functions = {'func': (3, 0)}
self.functions = {'func': (3, 0)}
self.functions = {'func': (3, 0)}
self.functions = {'func': (3, 11)}
self.functions = {'func': (3, 11)}
self.functions = {'func': (3, 11)}
self.functions = {'func': (3, 11)}
self.functions = {'func': (3, 11), 'main': (15, 0)}
self.functions = {'func': (3, 11), 'main': (15, 0)}
self.functions = {'func': (3, 11), 'main': (15, 0)}
self.functions = {'func': (3, 11), 'main': (15, 0)}
self.functions = {'func': (3, 11), 'main': (15, 0)}
self.functions = {'func': (3, 11), 'main': (15, 0)}
self.functions = {'func': (3, 11), 'main': (15, 0)}
self.functions = {'func': (3, 11), 'main': (15, 0)}
self.functions = {'func': (3, 11), 'main': (15, 0)}
self.functions = {'func': (3, 11), 'main': (15, 0)}
self.functions = {'func': (3, 11), 'main': (15, 0)}
self.functions = {'func': (3, 11), 'main': (15, 0)}
self.functions = {'func': (3, 11), 'main': (15, 0)}
self.functions = {'func': (3, 11), 'main': (15, 0)}
self.functions = {'func': (3, 11), 'main': (15, 0)}
self.functions = {'func': (3, 11), 'main': (15, 30)}
self.functions = {'func': (3, 11), 'main': (15, 30)}
Proccess Function Finder Completed

Proccess: Main Execution
Line: 16 succesfully interpreted
Line: 17 succesfully interpreted
Process: Variable assignement
Trying string on "Hello world"
{'0': ['12', '34', '56', '78', '90'], '1': '12', '2': '34', '3': '56', '4': '78', '5': '90', 'string_var': 'Hello world'}
Proccess Variable assignement completed

Line: 18 succesfully interpreted
Line: 19 succesfully interpreted
Process: Variable assignement
Trying string on 5
Trying integer on 5
{'0': ['12', '34', '56', '78', '90'], '1': '12', '2': '34', '3': '56', '4': '78', '5': '90', 'string_var': 'Hello world', 'int_var': 5}
Proccess Variable assignement completed

Line: 20 succesfully interpreted
Process: Variable assignement
Trying string on 5.5
Trying integer on 5.5
Trying float on 5.5
{'0': ['12', '34', '56', '78', '90'], '1': '12', '2': '34', '3': '56', '4': '78', '5': '90', 'string_var': 'Hello world', 'int_var': 5, 'float_var': 5.5}
Proccess Variable assignement completed

Line: 21 succesfully interpreted
Line: 22 succesfully interpreted
Process: Variable assignement
Trying string on False
Trying integer on False
Trying float on False
Trying bool on False
{'0': ['12', '34', '56', '78', '90'], '1': '12', '2': '34', '3': '56', '4': '78', '5': '90', 'string_var': 'Hello world', 'int_var': 5, 'float_var': 5.5, 'bool_var': False}
Proccess Variable assignement completed

Line: 23 succesfully interpreted
Line: 24 succesfully interpreted
Process: Printing
SubProcess: formater
['$string_var', '$bool_var']
$string_var
$string_var
$string_var
$string_var
$string_var
$string_var
Hello world
Hello world
Hello world
Hello world
['Hello world']

$bool_var
$bool_var
$bool_var
$bool_var
$bool_var
$bool_var
$bool_var
$bool_var
$bool_var
False
['Hello world', 'False']

SubProcess: Formater Completed
Printing: Hello world
Printing: False
Process Print Completed
Line: 25 succesfully interpreted
Process: Printing
SubProcess: formater
['"$int_var + $float_var ="', '$int_var+$float_var']
"$int_var + $float_var ="
"$int_var + $float_var ="
"$int_var + $float_var ="
"$int_var + $float_var ="
"$int_var + $float_var ="
"$int_var + $float_var ="
"$int_var + $float_var ="
"5 + $float_var ="
"5 + 5.5 ="
"5 + 5.5 ="
['"5 + 5.5 ="']

$int_var+$float_var
$int_var+$float_var
$int_var+$float_var
$int_var+$float_var
$int_var+$float_var
$int_var+$float_var
$int_var+$float_var
5+$float_var
5+5.5
5+5.5
['"5 + 5.5 ="', '5+5.5']

SubProcess: Formater Completed
Printing: "5 + 5.5 ="
Printing: 5+5.5
Process Print Completed
Line: 26 succesfully interpreted
Process: Printing
SubProcess: formater
['"Your first two flags are: "', '$1', '$2']
"Your first two flags are: "
"Your first two flags are: "
"Your first two flags are: "
"Your first two flags are: "
"Your first two flags are: "
"Your first two flags are: "
"Your first two flags are: "
"Your first two flags are: "
"Your first two flags are: "
"Your first two flags are: "
['"Your first two flags are: "']

$1
12
12
12
12
12
12
12
12
12
['"Your first two flags are: "', '12']

$2
$2
34
34
34
34
34
34
34
34
['"Your first two flags are: "', '12', '34']

SubProcess: Formater Completed
Printing: "Your first two flags are: "
Printing: 12
Printing: 34
Process Print Completed
Line: 27 succesfully interpreted
Process: Printing
SubProcess: formater
['"All of your flags are:"', '$0']
"All of your flags are:"
"All of your flags are:"
"All of your flags are:"
"All of your flags are:"
"All of your flags are:"
"All of your flags are:"
"All of your flags are:"
"All of your flags are:"
"All of your flags are:"
"All of your flags are:"
['"All of your flags are:"']

['12', '34', '56', '78', '90']
['12', '34', '56', '78', '90']
['12', '34', '56', '78', '90']
['12', '34', '56', '78', '90']
['12', '34', '56', '78', '90']
['12', '34', '56', '78', '90']
['12', '34', '56', '78', '90']
['12', '34', '56', '78', '90']
['12', '34', '56', '78', '90']
['12', '34', '56', '78', '90']
['"All of your flags are:"', "['12', '34', '56', '78', '90']"]

SubProcess: Formater Completed
Printing: "All of your flags are:"
Printing: ['12', '34', '56', '78', '90']
Process Print Completed
Line: 28 succesfully interpreted
Process: Printing
SubProcess: formater
['@func[$int_var]']
@func[$int_var]
@func[$int_var]
@func[$int_var]
@func[$int_var]
@func[$int_var]
@func[$int_var]
@func[$int_var]
@func[5]
@func[5]
@func[5]
['@func[5]']

SubProcess: Formater Completed
Printing: @func[5]
Process Print Completed
Line: 29 succesfully interpreted
Line: 30 succesfully interpreted
